Added Component: Designator=C1(0603_C)
Added Component: Designator=C2(0603_C)
Added Component: Designator=C3(0603_C)
Added Component: Designator=C4(0603_C)
Added Component: Designator=C5(0603_C)
Added Component: Designator=C6(0603_C)
Added Component: Designator=C7(0603_C)
Added Component: Designator=C8(0603_C)
Added Component: Designator=C9(1206_C)
Added Component: Designator=C10(1206_C)
Added Component: Designator=C11(0603_C)
Added Component: Designator=D1(0805-LED)
Added Component: Designator=D2(0805-LED)
Added Component: Designator=D3(0805-LED)
Added Component: Designator=D4(0805-LED)
Added Component: Designator=J1(FPC-1.0-27P)
Added Component: Designator=J3(USB_A1)
Added Component: Designator=R1(0603_R)
Added Component: Designator=R2(0603_R)
Added Component: Designator=R3(0603_R)
Added Component: Designator=R4(0603_R)
Added Component: Designator=R5(0603_R)
Added Component: Designator=R6(0603_R)
Added Component: Designator=R7(0603_R)
Added Component: Designator=R8(0603_R)
Added Component: Designator=R9(0603_R)
Added Component: Designator=R10(0603_R)
Added Component: Designator=R11(0603_R)
Added Component: Designator=R12(0603_R)
Added Component: Designator=S1(SW_PB2_A1)
Added Component: Designator=U1(LQFP-64_10x10x05P)
Added Component: Designator=U2(SOT23-5)
Added Component: Designator=Y1(XTAL-3225)
Added Pin To Net: NetName=3V3 Pin=C2-2
Added Pin To Net: NetName=3V3 Pin=C4-2
Added Pin To Net: NetName=3V3 Pin=C5-2
Added Pin To Net: NetName=3V3 Pin=C6-2
Added Pin To Net: NetName=3V3 Pin=C7-2
Added Pin To Net: NetName=3V3 Pin=C8-2
Added Pin To Net: NetName=3V3 Pin=C9-2
Added Pin To Net: NetName=3V3 Pin=R1-2
Added Pin To Net: NetName=3V3 Pin=R3-2
Added Pin To Net: NetName=3V3 Pin=R4-2
Added Pin To Net: NetName=3V3 Pin=R5-2
Added Pin To Net: NetName=3V3 Pin=R6-2
Added Pin To Net: NetName=3V3 Pin=U1-13
Added Pin To Net: NetName=3V3 Pin=U1-19
Added Pin To Net: NetName=3V3 Pin=U1-32
Added Pin To Net: NetName=3V3 Pin=U1-48
Added Pin To Net: NetName=3V3 Pin=U1-64
Added Pin To Net: NetName=3V3 Pin=U2-5
Added Pin To Net: NetName=3V3 Pin=Y1-4
Added Net: Name=3V3
Added Pin To Net: NetName=5V_OUT Pin=C10-2
Added Pin To Net: NetName=5V_OUT Pin=J3-1
Added Pin To Net: NetName=5V_OUT Pin=R7-1
Added Net: Name=5V_OUT
Added Pin To Net: NetName=5V Pin=R7-2
Added Pin To Net: NetName=5V Pin=R12-1
Added Pin To Net: NetName=5V Pin=U2-1
Added Pin To Net: NetName=5V Pin=U2-3
Added Net: Name=5V
Added Pin To Net: NetName=GND Pin=C1-1
Added Pin To Net: NetName=GND Pin=C2-1
Added Pin To Net: NetName=GND Pin=C3-1
Added Pin To Net: NetName=GND Pin=C4-1
Added Pin To Net: NetName=GND Pin=C5-1
Added Pin To Net: NetName=GND Pin=C6-1
Added Pin To Net: NetName=GND Pin=C7-1
Added Pin To Net: NetName=GND Pin=C8-1
Added Pin To Net: NetName=GND Pin=C9-1
Added Pin To Net: NetName=GND Pin=C10-1
Added Pin To Net: NetName=GND Pin=C11-1
Added Pin To Net: NetName=GND Pin=D1-2
Added Pin To Net: NetName=GND Pin=J3-4
Added Pin To Net: NetName=GND Pin=R2-2
Added Pin To Net: NetName=GND Pin=R10-2
Added Pin To Net: NetName=GND Pin=R11-2
Added Pin To Net: NetName=GND Pin=R12-2
Added Pin To Net: NetName=GND Pin=S1-1
Added Pin To Net: NetName=GND Pin=U1-12
Added Pin To Net: NetName=GND Pin=U1-18
Added Pin To Net: NetName=GND Pin=U1-31
Added Pin To Net: NetName=GND Pin=U1-47
Added Pin To Net: NetName=GND Pin=U1-63
Added Pin To Net: NetName=GND Pin=U2-2
Added Pin To Net: NetName=GND Pin=Y1-2
Added Net: Name=GND
Added Pin To Net: NetName=LED1 Pin=D2-2
Added Net: Name=LED1
Added Pin To Net: NetName=LED2 Pin=D3-2
Added Net: Name=LED2
Added Pin To Net: NetName=LED3 Pin=D4-2
Added Net: Name=LED3
Added Pin To Net: NetName=LED_1 Pin=U1-59
Added Net: Name=LED_1
Added Pin To Net: NetName=LED_2 Pin=U1-58
Added Net: Name=LED_2
Added Pin To Net: NetName=LED_3 Pin=U1-57
Added Net: Name=LED_3
Added Pin To Net: NetName=LED_PWR Pin=U1-56
Added Net: Name=LED_PWR
Added Pin To Net: NetName=NetC11_2 Pin=C11-2
Added Pin To Net: NetName=NetC11_2 Pin=U2-4
Added Net: Name=NetC11_2
Added Pin To Net: NetName=NetD1_1 Pin=D1-1
Added Pin To Net: NetName=NetD1_1 Pin=R3-1
Added Net: Name=NetD1_1
Added Pin To Net: NetName=NetD2_1 Pin=D2-1
Added Pin To Net: NetName=NetD2_1 Pin=R4-1
Added Net: Name=NetD2_1
Added Pin To Net: NetName=NetD3_1 Pin=D3-1
Added Pin To Net: NetName=NetD3_1 Pin=R5-1
Added Net: Name=NetD3_1
Added Pin To Net: NetName=NetD4_1 Pin=D4-1
Added Pin To Net: NetName=NetD4_1 Pin=R6-1
Added Net: Name=NetD4_1
Added Pin To Net: NetName=NetJ3_2 Pin=J3-2
Added Pin To Net: NetName=NetJ3_2 Pin=R8-2
Added Pin To Net: NetName=NetJ3_2 Pin=R10-1
Added Net: Name=NetJ3_2
Added Pin To Net: NetName=NetJ3_3 Pin=J3-3
Added Pin To Net: NetName=NetJ3_3 Pin=R9-2
Added Pin To Net: NetName=NetJ3_3 Pin=R11-1
Added Net: Name=NetJ3_3
Added Pin To Net: NetName=NetR2_1 Pin=R2-1
Added Pin To Net: NetName=NetR2_1 Pin=U1-60
Added Net: Name=NetR2_1
Added Pin To Net: NetName=NRST Pin=C1-2
Added Pin To Net: NetName=NRST Pin=R1-1
Added Pin To Net: NetName=NRST Pin=S1-2
Added Pin To Net: NetName=NRST Pin=U1-7
Added Net: Name=NRST
Added Pin To Net: NetName=OSC_IN Pin=C3-2
Added Pin To Net: NetName=OSC_IN Pin=U1-5
Added Pin To Net: NetName=OSC_IN Pin=Y1-3
Added Net: Name=OSC_IN
Added Pin To Net: NetName=PIN1 Pin=J1-1
Added Pin To Net: NetName=PIN1 Pin=U1-8
Added Net: Name=PIN1
Added Pin To Net: NetName=PIN2 Pin=J1-2
Added Pin To Net: NetName=PIN2 Pin=U1-9
Added Net: Name=PIN2
Added Pin To Net: NetName=PIN3 Pin=J1-3
Added Pin To Net: NetName=PIN3 Pin=U1-10
Added Net: Name=PIN3
Added Pin To Net: NetName=PIN4 Pin=J1-4
Added Pin To Net: NetName=PIN4 Pin=U1-11
Added Net: Name=PIN4
Added Pin To Net: NetName=PIN5 Pin=J1-5
Added Pin To Net: NetName=PIN5 Pin=U1-14
Added Net: Name=PIN5
Added Pin To Net: NetName=PIN6 Pin=J1-6
Added Pin To Net: NetName=PIN6 Pin=U1-15
Added Net: Name=PIN6
Added Pin To Net: NetName=PIN7 Pin=J1-7
Added Pin To Net: NetName=PIN7 Pin=U1-16
Added Net: Name=PIN7
Added Pin To Net: NetName=PIN8 Pin=J1-8
Added Pin To Net: NetName=PIN8 Pin=U1-17
Added Net: Name=PIN8
Added Pin To Net: NetName=PIN9 Pin=J1-9
Added Pin To Net: NetName=PIN9 Pin=U1-20
Added Net: Name=PIN9
Added Pin To Net: NetName=PIN10 Pin=J1-10
Added Pin To Net: NetName=PIN10 Pin=U1-21
Added Net: Name=PIN10
Added Pin To Net: NetName=PIN11 Pin=J1-11
Added Pin To Net: NetName=PIN11 Pin=U1-22
Added Net: Name=PIN11
Added Pin To Net: NetName=PIN12 Pin=J1-12
Added Pin To Net: NetName=PIN12 Pin=U1-23
Added Net: Name=PIN12
Added Pin To Net: NetName=PIN13 Pin=J1-13
Added Pin To Net: NetName=PIN13 Pin=U1-24
Added Net: Name=PIN13
Added Pin To Net: NetName=PIN14 Pin=J1-14
Added Pin To Net: NetName=PIN14 Pin=U1-30
Added Net: Name=PIN14
Added Pin To Net: NetName=PIN15 Pin=J1-15
Added Pin To Net: NetName=PIN15 Pin=U1-33
Added Net: Name=PIN15
Added Pin To Net: NetName=PIN16 Pin=J1-16
Added Pin To Net: NetName=PIN16 Pin=U1-34
Added Net: Name=PIN16
Added Pin To Net: NetName=PIN17 Pin=J1-17
Added Pin To Net: NetName=PIN17 Pin=U1-35
Added Net: Name=PIN17
Added Pin To Net: NetName=PIN18 Pin=J1-18
Added Pin To Net: NetName=PIN18 Pin=U1-36
Added Net: Name=PIN18
Added Pin To Net: NetName=PIN19 Pin=J1-19
Added Pin To Net: NetName=PIN19 Pin=U1-37
Added Net: Name=PIN19
Added Pin To Net: NetName=PIN20 Pin=J1-20
Added Pin To Net: NetName=PIN20 Pin=U1-38
Added Net: Name=PIN20
Added Pin To Net: NetName=PIN21 Pin=J1-21
Added Pin To Net: NetName=PIN21 Pin=U1-39
Added Net: Name=PIN21
Added Pin To Net: NetName=PIN22 Pin=J1-22
Added Pin To Net: NetName=PIN22 Pin=U1-40
Added Net: Name=PIN22
Added Pin To Net: NetName=PIN23 Pin=J1-23
Added Pin To Net: NetName=PIN23 Pin=U1-41
Added Net: Name=PIN23
Added Pin To Net: NetName=PIN24 Pin=J1-24
Added Net: Name=PIN24
Added Pin To Net: NetName=PIN25 Pin=J1-25
Added Net: Name=PIN25
Added Pin To Net: NetName=PIN26 Pin=J1-26
Added Net: Name=PIN26
Added Pin To Net: NetName=PIN27 Pin=J1-27
Added Net: Name=PIN27
Added Pin To Net: NetName=SWCLK Pin=U1-49
Added Net: Name=SWCLK
Added Pin To Net: NetName=SWDIO Pin=U1-46
Added Net: Name=SWDIO
Added Pin To Net: NetName=UART1_RX Pin=U1-43
Added Net: Name=UART1_RX
Added Pin To Net: NetName=UART1_TX Pin=U1-42
Added Net: Name=UART1_TX
Added Pin To Net: NetName=USB_DM Pin=R8-1
Added Pin To Net: NetName=USB_DM Pin=U1-44
Added Net: Name=USB_DM
Added Pin To Net: NetName=USB_DP Pin=R9-1
Added Pin To Net: NetName=USB_DP Pin=U1-45
Added Net: Name=USB_DP
